0 info it worked if it ends with ok
1 verbose cli [ '/usr/local/bin/node', '/usr/local/bin/npm', 'start' ]
2 info using npm@3.10.7
3 info using node@v6.6.0
4 verbose run-script [ 'prestart', 'start', 'poststart' ]
5 info lifecycle angular2-json-schema-form@0.1.0~prestart: angular2-json-schema-form@0.1.0
6 silly lifecycle angular2-json-schema-form@0.1.0~prestart: no script for prestart, continuing
7 info lifecycle angular2-json-schema-form@0.1.0~start: angular2-json-schema-form@0.1.0
8 verbose lifecycle angular2-json-schema-form@0.1.0~start: unsafe-perm in lifecycle true
9 verbose lifecycle angular2-json-schema-form@0.1.0~start: PATH: /usr/local/lib/node_modules/npm/bin/node-gyp-bin:/Users/David/Sites/angular2-json-schema-form/node_modules/.bin:/Users/David/google-cloud-sdk/bin:/usr/local/opt/php56/bin:/usr/local/git/bin:/usr/local/mysql/bin:/usr/local/bin:/usr/local/sbin:/usr/local/bin:/usr/bin:/bin:/usr/sbin:/sbin:/usr/local/git/bin:~/.composer/vendor/bin
10 verbose lifecycle angular2-json-schema-form@0.1.0~start: CWD: /Users/David/Sites/angular2-json-schema-form
11 silly lifecycle angular2-json-schema-form@0.1.0~start: Args: [ '-c', 'tsc && concurrently "tsc -w" "lite-server" ' ]
12 silly lifecycle angular2-json-schema-form@0.1.0~start: Returned: code: 2  signal: null
13 info lifecycle angular2-json-schema-form@0.1.0~start: Failed to exec start script
14 verbose stack Error: angular2-json-schema-form@0.1.0 start: `tsc && concurrently "tsc -w" "lite-server" `
14 verbose stack Exit status 2
14 verbose stack     at EventEmitter.<anonymous> (/usr/local/lib/node_modules/npm/lib/utils/lifecycle.js:255:16)
14 verbose stack     at emitTwo (events.js:106:13)
14 verbose stack     at EventEmitter.emit (events.js:191:7)
14 verbose stack     at ChildProcess.<anonymous> (/usr/local/lib/node_modules/npm/lib/utils/spawn.js:40:14)
14 verbose stack     at emitTwo (events.js:106:13)
14 verbose stack     at ChildProcess.emit (events.js:191:7)
14 verbose stack     at maybeClose (internal/child_process.js:877:16)
14 verbose stack     at Process.ChildProcess._handle.onexit (internal/child_process.js:226:5)
15 verbose pkgid angular2-json-schema-form@0.1.0
16 verbose cwd /Users/David/Sites/angular2-json-schema-form
17 error Darwin 16.0.0
18 error argv "/usr/local/bin/node" "/usr/local/bin/npm" "start"
19 error node v6.6.0
20 error npm  v3.10.7
21 error code ELIFECYCLE
22 error angular2-json-schema-form@0.1.0 start: `tsc && concurrently "tsc -w" "lite-server" `
22 error Exit status 2
23 error Failed at the angular2-json-schema-form@0.1.0 start script 'tsc && concurrently "tsc -w" "lite-server" '.
23 error Make sure you have the latest version of node.js and npm installed.
23 error If you do, this is most likely a problem with the angular2-json-schema-form package,
23 error not with npm itself.
23 error Tell the author that this fails on your system:
23 error     tsc && concurrently "tsc -w" "lite-server"
23 error You can get information on how to open an issue for this project with:
23 error     npm bugs angular2-json-schema-form
23 error Or if that isn't available, you can get their info via:
23 error     npm owner ls angular2-json-schema-form
23 error There is likely additional logging output above.
24 verbose exit [ 1, true ]
